Build started 10/6/2014 11:13:02 PM.
     1>Project "C:\Users\Kaivan\Documents\Visual Studio 2013\Projects\Game\Game\Game.vcxproj" on node 2 (Build target(s)).
     1>ClCompile:
         C:\Program Files (x86)\Microsoft Visual Studio 12.0\VC\bin\CL.exe /c /ZI /nologo /W3 /WX- /sdl /Od /Oy- /D WIN32 /D _DEBUG /D _CONSOLE /D _LIB /D _UNICODE /D UNICODE /Gm /EHsc /RTC1 /MDd /GS /fp:precise /Zc:wchar_t /Zc:forScope /Yu"stdafx.h" /Fp"Debug\Game.pch" /Fo"Debug\\" /Fd"Debug\vc120.pdb" /Gd /TP /analyze- /errorReport:prompt Game.cpp
         Game.cpp
       Link:
         C:\Program Files (x86)\Microsoft Visual Studio 12.0\VC\bin\link.exe /ERRORREPORT:PROMPT /OUT:"C:\Users\Kaivan\Documents\Visual Studio 2013\Projects\Game\Debug\Game.exe" /INCREMENTAL /NOLOGO kernel32.lib user32.lib gdi32.lib winspool.lib comdlg32.lib advapi32.lib shell32.lib ole32.lib oleaut32.lib uuid.lib odbc32.lib odbccp32.lib /MANIFEST /MANIFESTUAC:"level='asInvoker' uiAccess='false'" /manifest:embed /DEBUG /PDB:"C:\Users\Kaivan\Documents\Visual Studio 2013\Projects\Game\Debug\Game.pdb" /SUBSYSTEM:CONSOLE /TLBID:1 /DYNAMICBASE /NXCOMPAT /IMPLIB:"C:\Users\Kaivan\Documents\Visual Studio 2013\Projects\Game\Debug\Game.lib" /MACHINE:X86 Debug\Game.obj
         Debug\stdafx.obj
     1>Game.obj : error LNK2019: unresolved external symbol "public: __thiscall GAME::~GAME(void)" (??1GAME@@QAE@XZ) referenced in function _main
     1>C:\Users\Kaivan\Documents\Visual Studio 2013\Projects\Game\Debug\Game.exe : fatal error LNK1120: 1 unresolved externals
     1>Done Building Project "C:\Users\Kaivan\Documents\Visual Studio 2013\Projects\Game\Game\Game.vcxproj" (Build target(s)) -- FAILED.

Build FAILED.

Time Elapsed 00:00:03.71
